2018-06-29 14:20:51.779 [http-nio-8080-exec-1] DEBUG com.my.blog.website.service.impl.ContentServiceImpl - Enter getContents method
2018-06-29 14:20:51.816 [http-nio-8080-exec-1] DEBUG com.my.blog.website.service.impl.ContentServiceImpl - Exit getContents method
2018-06-29 14:41:55.422 [http-nio-8080-exec-8] DEBUG com.my.blog.website.service.impl.ContentServiceImpl - Enter getContents method
2018-06-29 14:41:55.427 [http-nio-8080-exec-8] DEBUG com.my.blog.website.service.impl.ContentServiceImpl - Exit getContents method
2018-06-29 14:43:06.041 [http-nio-8080-exec-2] INFO  com.my.blog.website.controller.admin.IndexController - Enter admin index method
2018-06-29 14:43:06.041 [http-nio-8080-exec-2] DEBUG com.my.blog.website.service.impl.SiteServiceImpl - Enter recentComments method:limit=5
2018-06-29 14:43:06.094 [http-nio-8080-exec-2] DEBUG com.my.blog.website.service.impl.SiteServiceImpl - Exit recentComments method
2018-06-29 14:43:06.094 [http-nio-8080-exec-2] DEBUG com.my.blog.website.service.impl.SiteServiceImpl - Enter recentContents method
2018-06-29 14:43:06.099 [http-nio-8080-exec-2] DEBUG com.my.blog.website.service.impl.SiteServiceImpl - Exit recentContents method
2018-06-29 14:43:06.099 [http-nio-8080-exec-2] DEBUG com.my.blog.website.service.impl.SiteServiceImpl - Enter getStatistics method
2018-06-29 14:43:06.104 [http-nio-8080-exec-2] DEBUG com.my.blog.website.service.impl.SiteServiceImpl - Exit getStatistics method
2018-06-29 14:43:06.104 [http-nio-8080-exec-2] DEBUG com.my.blog.website.service.impl.LogServiceImpl - Enter getLogs method:page=1,linit=5
2018-06-29 14:43:06.111 [http-nio-8080-exec-2] DEBUG com.my.blog.website.service.impl.LogServiceImpl - Exit getLogs method
2018-06-29 14:43:06.111 [http-nio-8080-exec-2] INFO  com.my.blog.website.controller.admin.IndexController - Exit admin index method
2018-06-29 14:55:43.335 [http-nio-8080-exec-8] DEBUG com.my.blog.website.service.impl.RelationshipServiceImpl - Enter countById method:cid=8,mid=14
2018-06-29 14:55:43.359 [http-nio-8080-exec-8] DEBUG com.my.blog.website.service.impl.RelationshipServiceImpl - Exit countById method return num=0
2018-06-29 14:55:43.991 [http-nio-8080-exec-8] DEBUG com.my.blog.website.service.impl.RelationshipServiceImpl - Enter countById method:cid=8,mid=13
2018-06-29 14:55:44.007 [http-nio-8080-exec-8] DEBUG com.my.blog.website.service.impl.RelationshipServiceImpl - Exit countById method return num=0
2018-06-29 15:05:57.004 [http-nio-8080-exec-4] DEBUG com.my.blog.website.service.impl.RelationshipServiceImpl - Enter countById method:cid=8,mid=14
2018-06-29 15:05:57.020 [http-nio-8080-exec-4] DEBUG com.my.blog.website.service.impl.RelationshipServiceImpl - Exit countById method return num=0
2018-06-29 15:05:57.133 [http-nio-8080-exec-4] DEBUG com.my.blog.website.service.impl.RelationshipServiceImpl - Enter countById method:cid=8,mid=13
2018-06-29 15:05:57.148 [http-nio-8080-exec-4] DEBUG com.my.blog.website.service.impl.RelationshipServiceImpl - Exit countById method return num=0
2018-07-02 08:54:47.362 [http-nio-8080-exec-7] INFO  com.my.blog.website.controller.admin.IndexController - Enter admin index method
2018-07-02 08:54:47.398 [http-nio-8080-exec-7] DEBUG com.my.blog.website.service.impl.SiteServiceImpl - Enter recentComments method:limit=5
2018-07-02 08:54:47.714 [http-nio-8080-exec-7] DEBUG com.my.blog.website.service.impl.SiteServiceImpl - Exit recentComments method
2018-07-02 08:54:47.717 [http-nio-8080-exec-7] DEBUG com.my.blog.website.service.impl.SiteServiceImpl - Enter recentContents method
2018-07-02 08:55:51.061 [http-nio-8080-exec-7] DEBUG com.my.blog.website.service.impl.SiteServiceImpl - Exit recentContents method
2018-07-02 08:56:11.196 [http-nio-8080-exec-7] DEBUG com.my.blog.website.service.impl.SiteServiceImpl - Enter getStatistics method
2018-07-02 08:56:14.547 [http-nio-8080-exec-7] DEBUG com.my.blog.website.service.impl.SiteServiceImpl - Exit getStatistics method
2018-07-02 08:56:14.547 [http-nio-8080-exec-7] DEBUG com.my.blog.website.service.impl.LogServiceImpl - Enter getLogs method:page=1,linit=5
2018-07-02 08:56:14.571 [http-nio-8080-exec-7] DEBUG com.my.blog.website.service.impl.LogServiceImpl - Exit getLogs method
2018-07-02 08:56:14.571 [http-nio-8080-exec-7] INFO  com.my.blog.website.controller.admin.IndexController - Exit admin index method
2018-07-02 09:48:06.714 [http-nio-8080-exec-5] INFO  com.my.blog.website.controller.admin.IndexController - Enter admin index method
2018-07-02 09:48:06.714 [http-nio-8080-exec-5] DEBUG com.my.blog.website.service.impl.SiteServiceImpl - Enter recentComments method:limit=5
2018-07-02 09:48:06.852 [http-nio-8080-exec-5] DEBUG com.my.blog.website.service.impl.SiteServiceImpl - Exit recentComments method
2018-07-02 09:48:06.852 [http-nio-8080-exec-5] DEBUG com.my.blog.website.service.impl.SiteServiceImpl - Enter recentContents method
2018-07-02 09:48:12.786 [http-nio-8080-exec-5] DEBUG com.my.blog.website.service.impl.SiteServiceImpl - Exit recentContents method
2018-07-02 09:48:12.786 [http-nio-8080-exec-5] DEBUG com.my.blog.website.service.impl.SiteServiceImpl - Enter getStatistics method
2018-07-02 09:48:17.658 [http-nio-8080-exec-5] DEBUG com.my.blog.website.service.impl.SiteServiceImpl - Exit getStatistics method
2018-07-02 09:48:17.658 [http-nio-8080-exec-5] DEBUG com.my.blog.website.service.impl.LogServiceImpl - Enter getLogs method:page=1,linit=5
2018-07-02 09:48:17.681 [http-nio-8080-exec-5] DEBUG com.my.blog.website.service.impl.LogServiceImpl - Exit getLogs method
2018-07-02 09:48:17.681 [http-nio-8080-exec-5] INFO  com.my.blog.website.controller.admin.IndexController - Exit admin index method
2018-07-02 10:28:05.022 [http-nio-8080-exec-2] DEBUG com.my.blog.website.service.impl.RelationshipServiceImpl - Enter countById method:cid=8,mid=14
2018-07-02 10:28:05.025 [http-nio-8080-exec-2] DEBUG com.my.blog.website.service.impl.RelationshipServiceImpl - Exit countById method return num=0
2018-07-02 10:28:06.108 [http-nio-8080-exec-2] DEBUG com.my.blog.website.service.impl.RelationshipServiceImpl - Enter countById method:cid=8,mid=13
2018-07-02 10:28:06.114 [http-nio-8080-exec-2] DEBUG com.my.blog.website.service.impl.RelationshipServiceImpl - Exit countById method return num=0
2018-07-02 11:15:29.853 [http-nio-8080-exec-8] DEBUG com.my.blog.website.service.impl.ContentServiceImpl - Enter getContents method
2018-07-02 11:15:29.878 [http-nio-8080-exec-8] DEBUG com.my.blog.website.service.impl.ContentServiceImpl - Exit getContents method
2018-07-02 11:27:50.634 [http-nio-8080-exec-5] INFO  com.my.blog.website.controller.admin.IndexController - Enter admin index method
2018-07-02 11:27:50.634 [http-nio-8080-exec-5] DEBUG com.my.blog.website.service.impl.SiteServiceImpl - Enter recentComments method:limit=5
2018-07-02 11:27:50.634 [http-nio-8080-exec-5] DEBUG com.my.blog.website.service.impl.SiteServiceImpl - Exit recentComments method
2018-07-02 11:27:50.634 [http-nio-8080-exec-5] DEBUG com.my.blog.website.service.impl.SiteServiceImpl - Enter recentContents method
2018-07-02 11:27:50.656 [http-nio-8080-exec-5] DEBUG com.my.blog.website.service.impl.SiteServiceImpl - Exit recentContents method
2018-07-02 11:27:50.656 [http-nio-8080-exec-5] DEBUG com.my.blog.website.service.impl.SiteServiceImpl - Enter getStatistics method
2018-07-02 11:27:50.660 [http-nio-8080-exec-5] DEBUG com.my.blog.website.service.impl.SiteServiceImpl - Exit getStatistics method
2018-07-02 11:27:50.660 [http-nio-8080-exec-5] DEBUG com.my.blog.website.service.impl.LogServiceImpl - Enter getLogs method:page=1,linit=5
2018-07-02 11:27:50.662 [http-nio-8080-exec-5] DEBUG com.my.blog.website.service.impl.LogServiceImpl - Exit getLogs method
2018-07-02 11:27:50.662 [http-nio-8080-exec-5] INFO  com.my.blog.website.controller.admin.IndexController - Exit admin index method
2018-07-02 13:22:06.456 [http-nio-8080-exec-6] INFO  com.my.blog.website.controller.admin.IndexController - Enter admin index method
2018-07-02 13:22:06.456 [http-nio-8080-exec-6] DEBUG com.my.blog.website.service.impl.SiteServiceImpl - Enter recentComments method:limit=5
2018-07-02 13:22:06.470 [http-nio-8080-exec-6] DEBUG com.my.blog.website.service.impl.SiteServiceImpl - Exit recentComments method
2018-07-02 13:22:06.470 [http-nio-8080-exec-6] DEBUG com.my.blog.website.service.impl.SiteServiceImpl - Enter recentContents method
2018-07-02 13:22:06.482 [http-nio-8080-exec-6] DEBUG com.my.blog.website.service.impl.SiteServiceImpl - Exit recentContents method
2018-07-02 13:22:06.482 [http-nio-8080-exec-6] DEBUG com.my.blog.website.service.impl.SiteServiceImpl - Enter getStatistics method
2018-07-02 13:22:06.491 [http-nio-8080-exec-6] DEBUG com.my.blog.website.service.impl.SiteServiceImpl - Exit getStatistics method
2018-07-02 13:22:06.491 [http-nio-8080-exec-6] DEBUG com.my.blog.website.service.impl.LogServiceImpl - Enter getLogs method:page=1,linit=5
2018-07-02 13:22:06.496 [http-nio-8080-exec-6] DEBUG com.my.blog.website.service.impl.LogServiceImpl - Exit getLogs method
2018-07-02 13:22:06.496 [http-nio-8080-exec-6] INFO  com.my.blog.website.controller.admin.IndexController - Exit admin index method
2018-07-02 13:38:47.024 [http-nio-8080-exec-8] INFO  com.my.blog.website.controller.admin.IndexController - Enter admin index method
2018-07-02 13:38:47.024 [http-nio-8080-exec-8] DEBUG com.my.blog.website.service.impl.SiteServiceImpl - Enter recentComments method:limit=5
2018-07-02 13:38:47.034 [http-nio-8080-exec-8] DEBUG com.my.blog.website.service.impl.SiteServiceImpl - Exit recentComments method
2018-07-02 13:38:47.034 [http-nio-8080-exec-8] DEBUG com.my.blog.website.service.impl.SiteServiceImpl - Enter recentContents method
2018-07-02 13:38:47.039 [http-nio-8080-exec-8] DEBUG com.my.blog.website.service.impl.SiteServiceImpl - Exit recentContents method
2018-07-02 13:38:47.039 [http-nio-8080-exec-8] DEBUG com.my.blog.website.service.impl.SiteServiceImpl - Enter getStatistics method
2018-07-02 13:38:47.047 [http-nio-8080-exec-8] DEBUG com.my.blog.website.service.impl.SiteServiceImpl - Exit getStatistics method
2018-07-02 13:38:47.047 [http-nio-8080-exec-8] DEBUG com.my.blog.website.service.impl.LogServiceImpl - Enter getLogs method:page=1,linit=5
2018-07-02 13:38:47.049 [http-nio-8080-exec-8] DEBUG com.my.blog.website.service.impl.LogServiceImpl - Exit getLogs method
2018-07-02 13:38:47.049 [http-nio-8080-exec-8] INFO  com.my.blog.website.controller.admin.IndexController - Exit admin index method
2018-07-02 14:42:16.257 [http-nio-8080-exec-9] INFO  com.my.blog.website.controller.admin.IndexController - Enter admin index method
2018-07-02 14:42:16.257 [http-nio-8080-exec-9] DEBUG com.my.blog.website.service.impl.SiteServiceImpl - Enter recentComments method:limit=5
2018-07-02 14:42:16.270 [http-nio-8080-exec-9] DEBUG com.my.blog.website.service.impl.SiteServiceImpl - Exit recentComments method
2018-07-02 14:42:16.270 [http-nio-8080-exec-9] DEBUG com.my.blog.website.service.impl.SiteServiceImpl - Enter recentContents method
2018-07-02 14:42:16.278 [http-nio-8080-exec-9] DEBUG com.my.blog.website.service.impl.SiteServiceImpl - Exit recentContents method
2018-07-02 14:42:16.278 [http-nio-8080-exec-9] DEBUG com.my.blog.website.service.impl.SiteServiceImpl - Enter getStatistics method
2018-07-02 14:42:16.311 [http-nio-8080-exec-9] DEBUG com.my.blog.website.service.impl.SiteServiceImpl - Exit getStatistics method
2018-07-02 14:42:16.311 [http-nio-8080-exec-9] DEBUG com.my.blog.website.service.impl.LogServiceImpl - Enter getLogs method:page=1,linit=5
2018-07-02 14:42:16.313 [http-nio-8080-exec-9] DEBUG com.my.blog.website.service.impl.LogServiceImpl - Exit getLogs method
2018-07-02 14:42:16.313 [http-nio-8080-exec-9] INFO  com.my.blog.website.controller.admin.IndexController - Exit admin index method
